<?xml version="1.0" encoding="UTF-8"?>
<testsuite name="com.studybook.springboot.web.dto.HelloResponseDtoTest" tests="1" skipped="0" failures="0" errors="0" timestamp="2023-03-29T14:51:09" hostname="LAPTOP-SE78JID0" time="0.062">
  <properties/>
  <testcase name="롬북_기능_테스트()" classname="com.studybook.springboot.web.dto.HelloResponseDtoTest" time="0.062"/>
  <system-out><![CDATA[]]></system-out>
  <system-err><![CDATA[]]></system-err>
</testsuite>
